0 info it worked if it ends with ok
1 verbose cli [ '/usr/local/bin/node', '/usr/local/bin/npm', 'publish' ]
2 info using npm@3.10.10
3 info using node@v6.11.0
4 verbose publish [ '.' ]
5 silly cache add args [ '.', null ]
6 verbose cache add spec .
7 silly cache add parsed spec Result {
7 silly cache add   raw: '.',
7 silly cache add   scope: null,
7 silly cache add   escapedName: null,
7 silly cache add   name: null,
7 silly cache add   rawSpec: '.',
7 silly cache add   spec: '/Users/caojiangtao/lib/router',
7 silly cache add   type: 'directory' }
8 verbose addLocalDirectory /Users/caojiangtao/.npm/jkrouter/1.0.1/package.tgz not in flight; packing
9 verbose correctMkdir /Users/caojiangtao/.npm correctMkdir not in flight; initializing
10 info lifecycle jkrouter@1.0.1~prepublish: jkrouter@1.0.1
11 silly lifecycle jkrouter@1.0.1~prepublish: no script for prepublish, continuing
12 verbose tar pack [ '/Users/caojiangtao/.npm/jkrouter/1.0.1/package.tgz',
12 verbose tar pack   '/Users/caojiangtao/lib/router' ]
13 verbose tarball /Users/caojiangtao/.npm/jkrouter/1.0.1/package.tgz
14 verbose folder /Users/caojiangtao/lib/router
15 verbose addLocalTarball adding from inside cache /Users/caojiangtao/.npm/jkrouter/1.0.1/package.tgz
16 verbose correctMkdir /Users/caojiangtao/.npm correctMkdir not in flight; initializing
17 silly cache afterAdd jkrouter@1.0.1
18 verbose afterAdd /Users/caojiangtao/.npm/jkrouter/1.0.1/package/package.json not in flight; writing
19 verbose correctMkdir /Users/caojiangtao/.npm correctMkdir not in flight; initializing
20 verbose afterAdd /Users/caojiangtao/.npm/jkrouter/1.0.1/package/package.json written
21 silly publish { name: 'jkrouter',
21 silly publish   version: '1.0.1',
21 silly publish   description: 'nodejs router',
21 silly publish   main: 'index.js',
21 silly publish   scripts: { test: 'echo "Error: no test specified" && exit 1' },
21 silly publish   dependencies: { express: '~4.15.2', 'ls-sync': '^0.3.0' },
21 silly publish   repository:
21 silly publish    { type: 'git',
21 silly publish      url: 'git+https://github.com/caojiangtao/jkrouter.git' },
21 silly publish   keywords: [ 'jkrouter' ],
21 silly publish   author: { name: 'river.cao' },
21 silly publish   license: 'ISC',
21 silly publish   bugs: { url: 'https://github.com/caojiangtao/jkrouter/issues' },
21 silly publish   homepage: 'https://github.com/caojiangtao/jkrouter#readme',
21 silly publish   readme: '## jkrouter\n\nFile/Folder as `path`, another router middleware for nodejs.\n\n### Install\n\n    npm i jkrouter --save\n\n### Usage\n\n```\nrouter(app, options)\n```\n- app: {Object} koa instance.\n- options: {Object|String->root}\n  - root: {String} router directory\n\n### Example\n\n**File tree**\n\n```\n├── app.js\n├── package.json\n├── ...\n└── router\n    ├── index.js\n    │\n    ├── user.js\n    │\n    ├── test.js\n    └── links.js\n\n\n```\n\n```\n\n**index.js**\n\n```\nvar router = require(\'express\').Router();\nvar indexModel = require(\'../models/indexModel\');\nrouter.get(\'/index(.html)?\', indexModel.banner);\n```\n\n**links.js**\n\n```\nvar router = require(\'express\').Router();\nrouter.get(\'/\', function(req, res, next) {\n  res.send(\'banner\');\n});\nmodule.exports = router;\n```\n\n**app.js**\n\n```\nvar express = require(\'express\'),\nvar router = require(\'jkrouter\');\nvar roters = path.join(__dirname, \'routes\');\nvar app = express();\nroters(app,roters);\napp.listen(3000);\n\n\n\nMIT',
21 silly publish   readmeFilename: 'readme.md',
21 silly publish   gitHead: '0363eed09fd6935f42710188d23c209088dc5dde',
21 silly publish   _id: 'jkrouter@1.0.1',
21 silly publish   _shasum: 'c63aa13c0283de44447b1115ee460d09b9ee130b',
21 silly publish   _from: '.' }
22 verbose getPublishConfig undefined
23 silly mapToRegistry name jkrouter
24 silly mapToRegistry using default registry
25 silly mapToRegistry registry https://registry.npmjs.org/
26 silly mapToRegistry data Result {
26 silly mapToRegistry   raw: 'jkrouter',
26 silly mapToRegistry   scope: null,
26 silly mapToRegistry   escapedName: 'jkrouter',
26 silly mapToRegistry   name: 'jkrouter',
26 silly mapToRegistry   rawSpec: '',
26 silly mapToRegistry   spec: 'latest',
26 silly mapToRegistry   type: 'tag' }
27 silly mapToRegistry uri https://registry.npmjs.org/jkrouter
28 verbose publish registryBase https://registry.npmjs.org/
29 silly publish uploading /Users/caojiangtao/.npm/jkrouter/1.0.1/package.tgz
30 verbose request uri https://registry.npmjs.org/jkrouter
31 verbose request sending authorization for write operation
32 info attempt registry request try #1 at 18:46:54
33 verbose request using bearer token for auth
34 verbose request id 0adc925552f45a5e
35 http request PUT https://registry.npmjs.org/jkrouter
36 http 403 https://registry.npmjs.org/jkrouter
37 verbose headers { 'content-type': 'application/json',
37 verbose headers   'cache-control': 'max-age=300',
37 verbose headers   'content-length': '95',
37 verbose headers   'accept-ranges': 'bytes',
37 verbose headers   date: 'Fri, 09 Jun 2017 10:46:46 GMT',
37 verbose headers   via: '1.1 varnish',
37 verbose headers   connection: 'keep-alive',
37 verbose headers   'x-served-by': 'cache-nrt6122-NRT',
37 verbose headers   'x-cache': 'MISS',
37 verbose headers   'x-cache-hits': '0',
37 verbose headers   'x-timer': 'S1497005206.404366,VS0,VE565',
37 verbose headers   vary: 'Accept-Encoding' }
38 verbose request invalidating /Users/caojiangtao/.npm/registry.npmjs.org/jkrouter on PUT
39 error publish Failed PUT 403
40 verbose stack Error: "You cannot publish over the previously published version 1.0.1." : jkrouter
40 verbose stack     at makeError (/usr/local/lib/node_modules/npm/node_modules/npm-registry-client/lib/request.js:302:12)
40 verbose stack     at CachingRegistryClient.<anonymous> (/usr/local/lib/node_modules/npm/node_modules/npm-registry-client/lib/request.js:290:14)
40 verbose stack     at Request._callback (/usr/local/lib/node_modules/npm/node_modules/npm-registry-client/lib/request.js:210:14)
40 verbose stack     at Request.self.callback (/usr/local/lib/node_modules/npm/node_modules/request/request.js:187:22)
40 verbose stack     at emitTwo (events.js:106:13)
40 verbose stack     at Request.emit (events.js:191:7)
40 verbose stack     at Request.<anonymous> (/usr/local/lib/node_modules/npm/node_modules/request/request.js:1048:10)
40 verbose stack     at emitOne (events.js:96:13)
40 verbose stack     at Request.emit (events.js:188:7)
40 verbose stack     at IncomingMessage.<anonymous> (/usr/local/lib/node_modules/npm/node_modules/request/request.js:969:12)
41 verbose statusCode 403
42 verbose pkgid jkrouter
43 verbose cwd /Users/caojiangtao/lib/router
44 error Darwin 16.0.0
45 error argv "/usr/local/bin/node" "/usr/local/bin/npm" "publish"
46 error node v6.11.0
47 error npm  v3.10.10
48 error code E403
49 error "You cannot publish over the previously published version 1.0.1." : jkrouter
50 error If you need help, you may report this error at:
50 error     <https://github.com/npm/npm/issues>
51 verbose exit [ 1, true ]
